[35m[1mConsolidate compiler generated dependencies of target walker_node[0m
[ 50%] [32mBuilding CXX object CMakeFiles/walker_node.dir/src/walker_node.cpp.o[0m
[01m[K/home/ana/my_gazebo_tutorials/src/walker/src/walker_node.cpp:[m[K In constructor â€˜[01m[KWalker::Walker()[m[Kâ€™:
[01m[K/home/ana/my_gazebo_tutorials/src/walker/src/walker_node.cpp:24:34:[m[K [01;31m[Kerror: [m[Kâ€˜[01m[KMovingForward[m[Kâ€™ was not declared in this scope
   24 |           state(std::make_shared<[01;31m[KMovingForward[m[K>()) {
      |                                  [01;31m[K^~~~~~~~~~~~~[m[K
[01m[K/home/ana/my_gazebo_tutorials/src/walker/src/walker_node.cpp:24:48:[m[K [01;31m[Kerror: [m[Kno matching function for call to â€˜[01m[Kmake_shared<<expression error> >()[m[Kâ€™
   24 |           state([01;31m[Kstd::make_shared<MovingForward>()[m[K) {
      |                 [01;31m[K~~~~~~~~~~~~~~~~~~~~~~~~~~~~~~~^~[m[K
In file included from [01m[K/usr/include/c++/11/memory:77[m[K,
                 from [01m[K/opt/ros/humble/include/geometry_msgs/geometry_msgs/msg/detail/twist__struct.hpp:10[m[K,
                 from [01m[K/opt/ros/humble/include/geometry_msgs/geometry_msgs/msg/twist.hpp:7[m[K,
                 from [01m[K/home/ana/my_gazebo_tutorials/src/walker/src/walker_node.cpp:1[m[K:
[01m[K/usr/include/c++/11/bits/shared_ptr.h:875:5:[m[K [01;36m[Knote: [m[Kcandidate: â€˜[01m[Ktemplate<class _Tp, class ... _Args> std::shared_ptr<_Tp> std::make_shared(_Args&& ...)[m[Kâ€™
  875 |     [01;36m[Kmake_shared[m[K(_Args&&... __args)
      |     [01;36m[K^~~~~~~~~~~[m[K
[01m[K/usr/include/c++/11/bits/shared_ptr.h:875:5:[m[K [01;36m[Knote: [m[K  template argument deduction/substitution failed:
[01m[K/home/ana/my_gazebo_tutorials/src/walker/src/walker_node.cpp:24:48:[m[K [01;31m[Kerror: [m[Ktemplate argument 1 is invalid
   24 |           state([01;31m[Kstd::make_shared<MovingForward>()[m[K) {
      |                 [01;31m[K~~~~~~~~~~~~~~~~~~~~~~~~~~~~~~~^~[m[K
[01m[K/home/ana/my_gazebo_tutorials/src/walker/src/walker_node.cpp:[m[K In member function â€˜[01m[Kvirtual void MovingForward::handleObstacle(Walker&, const LaserScan&)[m[Kâ€™:
[01m[K/home/ana/my_gazebo_tutorials/src/walker/src/walker_node.cpp:72:46:[m[K [01;31m[Kerror: [m[Kâ€˜[01m[KRotatingClockwise[m[Kâ€™ was not declared in this scope
   72 |             walker.setState(std::make_shared<[01;31m[KRotatingClockwise[m[K>());
      |                                              [01;31m[K^~~~~~~~~~~~~~~~~[m[K
[01m[K/home/ana/my_gazebo_tutorials/src/walker/src/walker_node.cpp:72:64:[m[K [01;31m[Kerror: [m[Kno matching function for call to â€˜[01m[Kmake_shared<<expression error> >()[m[Kâ€™
   72 |             walker.setState([01;31m[Kstd::make_shared<RotatingClockwise>()[m[K);
      |                             [01;31m[K~~~~~~~~~~~~~~~~~~~~~~~~~~~~~~~~~~~^~[m[K
In file included from [01m[K/usr/include/c++/11/memory:77[m[K,
                 from [01m[K/opt/ros/humble/include/geometry_msgs/geometry_msgs/msg/detail/twist__struct.hpp:10[m[K,
                 from [01m[K/opt/ros/humble/include/geometry_msgs/geometry_msgs/msg/twist.hpp:7[m[K,
                 from [01m[K/home/ana/my_gazebo_tutorials/src/walker/src/walker_node.cpp:1[m[K:
[01m[K/usr/include/c++/11/bits/shared_ptr.h:875:5:[m[K [01;36m[Knote: [m[Kcandidate: â€˜[01m[Ktemplate<class _Tp, class ... _Args> std::shared_ptr<_Tp> std::make_shared(_Args&& ...)[m[Kâ€™
  875 |     [01;36m[Kmake_shared[m[K(_Args&&... __args)
      |     [01;36m[K^~~~~~~~~~~[m[K
[01m[K/usr/include/c++/11/bits/shared_ptr.h:875:5:[m[K [01;36m[Knote: [m[K  template argument deduction/substitution failed:
[01m[K/home/ana/my_gazebo_tutorials/src/walker/src/walker_node.cpp:72:64:[m[K [01;31m[Kerror: [m[Ktemplate argument 1 is invalid
   72 |             walker.setState([01;31m[Kstd::make_shared<RotatingClockwise>()[m[K);
      |                             [01;31m[K~~~~~~~~~~~~~~~~~~~~~~~~~~~~~~~~~~~^~[m[K
gmake[2]: *** [CMakeFiles/walker_node.dir/build.make:76: CMakeFiles/walker_node.dir/src/walker_node.cpp.o] Error 1
gmake[1]: *** [CMakeFiles/Makefile2:137: CMakeFiles/walker_node.dir/all] Error 2
gmake: *** [Makefile:146: all] Error 2
