[0.012s] Invoking command in '/home/ana/my_gazebo_tutorials/build/walker': CMAKE_PREFIX_PATH=${CMAKE_PREFIX_PATH}:/opt/ros/humble /usr/bin/cmake --build /home/ana/my_gazebo_tutorials/build/walker -- -j2 -l2
[0.071s] [35m[1mConsolidate compiler generated dependencies of target walker_node[0m
[0.088s] [ 50%] [32mBuilding CXX object CMakeFiles/walker_node.dir/src/walker_node.cpp.o[0m
[1.838s] [01m[K/home/ana/my_gazebo_tutorials/src/walker/src/walker_node.cpp:114:25:[m[K [01;31m[Kerror: [m[Kâ€˜[01m[KLaserDataCB[m[Kâ€™ has not been declared
[1.838s]   114 |     virtual void handle([01;31m[KLaserDataCB[m[K(scan)) = 0;
[1.838s]       |                         [01;31m[K^~~~~~~~~~~[m[K
[1.868s] [01m[K/home/ana/my_gazebo_tutorials/src/walker/src/walker_node.cpp:[m[K In constructor â€˜[01m[KWalker::Walker()[m[Kâ€™:
[1.868s] [01m[K/home/ana/my_gazebo_tutorials/src/walker/src/walker_node.cpp:170:28:[m[K [01;35m[Kwarning: [m[Kâ€˜[01m[KWalker::current_state[m[Kâ€™ will be initialized after [[01;35m[K]8;;https://gcc.gnu.org/onlinedocs/gcc/Warning-Options.html#index-Wreorder-Wreorder]8;;[m[K]
[1.868s]   170 |     std::shared_ptr<State> [01;35m[Kcurrent_state[m[K;  // Current state of the walker
[1.868s]       |                            [01;35m[K^~~~~~~~~~~~~[m[K
[1.868s] [01m[K/home/ana/my_gazebo_tutorials/src/walker/src/walker_node.cpp:166:10:[m[K [01;35m[Kwarning: [m[K  â€˜[01m[Kbool Walker::path_clear[m[Kâ€™ [[01;35m[K]8;;https://gcc.gnu.org/onlinedocs/gcc/Warning-Options.html#index-Wreorder-Wreorder]8;;[m[K]
[1.868s]   166 |     bool [01;35m[Kpath_clear[m[K;       // Indicates if the path ahead is clear
[1.868s]       |          [01;35m[K^~~~~~~~~~[m[K
[1.868s] [01m[K/home/ana/my_gazebo_tutorials/src/walker/src/walker_node.cpp:123:5:[m[K [01;35m[Kwarning: [m[K  when initialized here [[01;35m[K]8;;https://gcc.gnu.org/onlinedocs/gcc/Warning-Options.html#index-Wreorder-Wreorder]8;;[m[K]
[1.868s]   123 |     [01;35m[KWalker[m[K()
[1.868s]       |     [01;35m[K^~~~~~[m[K
[1.882s] [01m[K/home/ana/my_gazebo_tutorials/src/walker/src/walker_node.cpp:135:35:[m[K [01;31m[Kerror: [m[Kâ€˜[01m[KMoveForwardState[m[Kâ€™ was not declared in this scope
[1.882s]   135 |         setState(std::make_shared<[01;31m[KMoveForwardState[m[K>());
[1.883s]       |                                   [01;31m[K^~~~~~~~~~~~~~~~[m[K
[1.883s] [01m[K/home/ana/my_gazebo_tutorials/src/walker/src/walker_node.cpp:135:52:[m[K [01;31m[Kerror: [m[Kno matching function for call to â€˜[01m[Kmake_shared<<expression error> >()[m[Kâ€™
[1.883s]   135 |         setState([01;31m[Kstd::make_shared<MoveForwardState>()[m[K);
[1.883s]       |                  [01;31m[K~~~~~~~~~~~~~~~~~~~~~~~~~~~~~~~~~~^~[m[K
[1.883s] In file included from [01m[K/usr/include/c++/11/memory:77[m[K,
[1.883s]                  from [01m[K/opt/ros/humble/include/geometry_msgs/geometry_msgs/msg/detail/twist__struct.hpp:10[m[K,
[1.883s]                  from [01m[K/opt/ros/humble/include/geometry_msgs/geometry_msgs/msg/twist.hpp:7[m[K,
[1.883s]                  from [01m[K/home/ana/my_gazebo_tutorials/src/walker/src/walker_node.cpp:100[m[K:
[1.883s] [01m[K/usr/include/c++/11/bits/shared_ptr.h:875:5:[m[K [01;36m[Knote: [m[Kcandidate: â€˜[01m[Ktemplate<class _Tp, class ... _Args> std::shared_ptr<_Tp> std::make_shared(_Args&& ...)[m[Kâ€™
[1.883s]   875 |     [01;36m[Kmake_shared[m[K(_Args&&... __args)
[1.883s]       |     [01;36m[K^~~~~~~~~~~[m[K
[1.883s] [01m[K/usr/include/c++/11/bits/shared_ptr.h:875:5:[m[K [01;36m[Knote: [m[K  template argument deduction/substitution failed:
[1.883s] [01m[K/home/ana/my_gazebo_tutorials/src/walker/src/walker_node.cpp:135:52:[m[K [01;31m[Kerror: [m[Ktemplate argument 1 is invalid
[1.883s]   135 |         setState([01;31m[Kstd::make_shared<MoveForwardState>()[m[K);
[1.883s]       |                  [01;31m[K~~~~~~~~~~~~~~~~~~~~~~~~~~~~~~~~~~^~[m[K
[1.885s] [01m[K/home/ana/my_gazebo_tutorials/src/walker/src/walker_node.cpp:[m[K In member function â€˜[01m[Kvoid Walker::LaserDataCB(const LaserScan&)[m[Kâ€™:
[1.885s] [01m[K/home/ana/my_gazebo_tutorials/src/walker/src/walker_node.cpp:150:35:[m[K [01;31m[Kerror: [m[Kcannot convert â€˜[01m[Kconst LaserScan[m[Kâ€™ {aka â€˜[01m[Kconst sensor_msgs::msg::LaserScan_<std::allocator<void> >[m[Kâ€™} to â€˜[01m[Kint[m[Kâ€™
[1.885s]   150 |             current_state->handle([01;31m[Kscan[m[K);
[1.885s]       |                                   [01;31m[K^~~~[m[K
[1.885s]       |                                   [01;31m[K|[m[K
[1.885s]       |                                   [01;31m[Kconst LaserScan {aka const sensor_msgs::msg::LaserScan_<std::allocator<void> >}[m[K
[1.885s] [01m[K/home/ana/my_gazebo_tutorials/src/walker/src/walker_node.cpp:114:37:[m[K [01;36m[Knote: [m[K  initializing argument 1 of â€˜[01m[Kvirtual void State::handle(int)[m[Kâ€™
[1.885s]   114 |     virtual void handle([01;36m[KLaserDataCB(scan)[m[K) = 0;
[1.885s]       |                         [01;36m[K~~~~~~~~~~~~^~~~~[m[K
[1.885s] [01m[K/home/ana/my_gazebo_tutorials/src/walker/src/walker_node.cpp:[m[K At global scope:
[1.885s] [01m[K/home/ana/my_gazebo_tutorials/src/walker/src/walker_node.cpp:176:10:[m[K [01;31m[Kerror: [m[Kâ€˜[01m[Kvoid MoveForwardState::handle(const LaserScan&)[m[Kâ€™ marked â€˜[01m[Koverride[m[Kâ€™, but does not override
[1.886s]   176 |     void [01;31m[Khandle[m[K(const sensor_msgs::msg::LaserScan &scan) override {
[1.886s]       |          [01;31m[K^~~~~~[m[K
[1.886s] In file included from [01m[K/opt/ros/humble/include/rclcpp/rclcpp/client.hpp:40[m[K,
[1.886s]                  from [01m[K/opt/ros/humble/include/rclcpp/rclcpp/callback_group.hpp:24[m[K,
[1.886s]                  from [01m[K/opt/ros/humble/include/rclcpp/rclcpp/any_executable.hpp:20[m[K,
[1.886s]                  from [01m[K/opt/ros/humble/include/rclcpp/rclcpp/memory_strategy.hpp:25[m[K,
[1.886s]                  from [01m[K/opt/ros/humble/include/rclcpp/rclcpp/memory_strategies.hpp:18[m[K,
[1.886s]                  from [01m[K/opt/ros/humble/include/rclcpp/rclcpp/executor_options.hpp:20[m[K,
[1.886s]                  from [01m[K/opt/ros/humble/include/rclcpp/rclcpp/executor.hpp:37[m[K,
[1.886s]                  from [01m[K/opt/ros/humble/include/rclcpp/rclcpp/executors/multi_threaded_executor.hpp:25[m[K,
[1.886s]                  from [01m[K/opt/ros/humble/include/rclcpp/rclcpp/executors.hpp:21[m[K,
[1.886s]                  from [01m[K/opt/ros/humble/include/rclcpp/rclcpp/rclcpp.hpp:155[m[K,
[1.886s]                  from [01m[K/home/ana/my_gazebo_tutorials/src/walker/src/walker_node.cpp:101[m[K:
[1.886s] [01m[K/home/ana/my_gazebo_tutorials/src/walker/src/walker_node.cpp:[m[K In member function â€˜[01m[Kvoid MoveForwardState::handle(const LaserScan&)[m[Kâ€™:
[1.886s] [01m[K/home/ana/my_gazebo_tutorials/src/walker/src/walker_node.cpp:188:31:[m[K [01;31m[Kerror: [m[Kâ€˜[01m[Kclass MoveForwardState[m[Kâ€™ has no member named â€˜[01m[Kget_logger[m[Kâ€™
[1.886s]   188 |             RCLCPP_INFO(this->[01;31m[Kget_logger[m[K(), "Obstacle detected! Switching to Rotate state...");
[1.886s]       |                               [01;31m[K^~~~~~~~~~[m[K
[1.886s] [01m[K/home/ana/my_gazebo_tutorials/src/walker/src/walker_node.cpp:188:31:[m[K [01;31m[Kerror: [m[Kâ€˜[01m[Kclass MoveForwardState[m[Kâ€™ has no member named â€˜[01m[Kget_logger[m[Kâ€™
[1.886s] [01m[K/home/ana/my_gazebo_tutorials/src/walker/src/walker_node.cpp:188:13:[m[K [01;31m[Kerror: [m[Ktemplate argument 1 is invalid
[1.886s]   188 |             [01;31m[KRCLCPP_INFO[m[K(this->get_logger(), "Obstacle detected! Switching to Rotate state...");
[1.886s]       |             [01;31m[K^~~~~~~~~~~[m[K
[1.891s] [01m[K/home/ana/my_gazebo_tutorials/src/walker/src/walker_node.cpp:188:13:[m[K [01;31m[Kerror: [m[Ktemplate argument 1 is invalid
[1.893s]   188 |             [01;31m[KRCLCPP_INFO[m[K(this->get_logger(), "Obstacle detected! Switching to Rotate state...");
[1.893s]       |             [01;31m[K^~~~~~~~~~~[m[K
[1.893s] [01m[K/home/ana/my_gazebo_tutorials/src/walker/src/walker_node.cpp:188:13:[m[K [01;31m[Kerror: [m[Ktemplate argument 1 is invalid
[1.893s]   188 |             [01;31m[KRCLCPP_INFO[m[K(this->get_logger(), "Obstacle detected! Switching to Rotate state...");
[1.893s]       |             [01;31m[K^~~~~~~~~~~[m[K
[1.893s] In file included from [01m[K/opt/ros/humble/include/rclcpp/rclcpp/logging.hpp:24[m[K,
[1.893s]                  from [01m[K/opt/ros/humble/include/rclcpp/rclcpp/client.hpp:40[m[K,
[1.893s]                  from [01m[K/opt/ros/humble/include/rclcpp/rclcpp/callback_group.hpp:24[m[K,
[1.896s]                  from [01m[K/opt/ros/humble/include/rclcpp/rclcpp/any_executable.hpp:20[m[K,
[1.897s]                  from [01m[K/opt/ros/humble/include/rclcpp/rclcpp/memory_strategy.hpp:25[m[K,
[1.897s]                  from [01m[K/opt/ros/humble/include/rclcpp/rclcpp/memory_strategies.hpp:18[m[K,
[1.897s]                  from [01m[K/opt/ros/humble/include/rclcpp/rclcpp/executor_options.hpp:20[m[K,
[1.897s]                  from [01m[K/opt/ros/humble/include/rclcpp/rclcpp/executor.hpp:37[m[K,
[1.897s]                  from [01m[K/opt/ros/humble/include/rclcpp/rclcpp/executors/multi_threaded_executor.hpp:25[m[K,
[1.897s]                  from [01m[K/opt/ros/humble/include/rclcpp/rclcpp/executors.hpp:21[m[K,
[1.897s]                  from [01m[K/opt/ros/humble/include/rclcpp/rclcpp/rclcpp.hpp:155[m[K,
[1.897s]                  from [01m[K/home/ana/my_gazebo_tutorials/src/walker/src/walker_node.cpp:101[m[K:
[1.897s] [01m[K/home/ana/my_gazebo_tutorials/src/walker/src/walker_node.cpp:188:31:[m[K [01;31m[Kerror: [m[Kâ€˜[01m[Kclass MoveForwardState[m[Kâ€™ has no member named â€˜[01m[Kget_logger[m[Kâ€™
[1.897s]   188 |             RCLCPP_INFO(this->[01;31m[Kget_logger[m[K(), "Obstacle detected! Switching to Rotate state...");
[1.897s]       |                               [01;31m[K^~~~~~~~~~[m[K
[1.897s] [01m[K/home/ana/my_gazebo_tutorials/src/walker/src/walker_node.cpp:188:31:[m[K [01;31m[Kerror: [m[Kâ€˜[01m[Kclass MoveForwardState[m[Kâ€™ has no member named â€˜[01m[Kget_logger[m[Kâ€™
[1.897s]   188 |             RCLCPP_INFO(this->[01;31m[Kget_logger[m[K(), "Obstacle detected! Switching to Rotate state...");
[1.897s]       |                               [01;31m[K^~~~~~~~~~[m[K
[1.897s] [01m[K/home/ana/my_gazebo_tutorials/src/walker/src/walker_node.cpp:189:48:[m[K [01;31m[Kerror: [m[Kâ€˜[01m[KRotateState[m[Kâ€™ was not declared in this scope
[1.897s]   189 |             walker_->setState(std::make_shared<[01;31m[KRotateState[m[K>());
[1.897s]       |                                                [01;31m[K^~~~~~~~~~~[m[K
[1.897s] [01m[K/home/ana/my_gazebo_tutorials/src/walker/src/walker_node.cpp:189:60:[m[K [01;31m[Kerror: [m[Kno matching function for call to â€˜[01m[Kmake_shared<<expression error> >()[m[Kâ€™
[1.897s]   189 |             walker_->setState([01;31m[Kstd::make_shared<RotateState>()[m[K);
[1.897s]       |                               [01;31m[K~~~~~~~~~~~~~~~~~~~~~~~~~~~~~^~[m[K
[1.898s] In file included from [01m[K/usr/include/c++/11/memory:77[m[K,
[1.898s]                  from [01m[K/opt/ros/humble/include/geometry_msgs/geometry_msgs/msg/detail/twist__struct.hpp:10[m[K,
[1.898s]                  from [01m[K/opt/ros/humble/include/geometry_msgs/geometry_msgs/msg/twist.hpp:7[m[K,
[1.898s]                  from [01m[K/home/ana/my_gazebo_tutorials/src/walker/src/walker_node.cpp:100[m[K:
[1.898s] [01m[K/usr/include/c++/11/bits/shared_ptr.h:875:5:[m[K [01;36m[Knote: [m[Kcandidate: â€˜[01m[Ktemplate<class _Tp, class ... _Args> std::shared_ptr<_Tp> std::make_shared(_Args&& ...)[m[Kâ€™
[1.898s]   875 |     [01;36m[Kmake_shared[m[K(_Args&&... __args)
[1.898s]       |     [01;36m[K^~~~~~~~~~~[m[K
[1.898s] [01m[K/usr/include/c++/11/bits/shared_ptr.h:875:5:[m[K [01;36m[Knote: [m[K  template argument deduction/substitution failed:
[1.898s] [01m[K/home/ana/my_gazebo_tutorials/src/walker/src/walker_node.cpp:189:60:[m[K [01;31m[Kerror: [m[Ktemplate argument 1 is invalid
[1.898s]   189 |             walker_->setState([01;31m[Kstd::make_shared<RotateState>()[m[K);
[1.898s]       |                               [01;31m[K~~~~~~~~~~~~~~~~~~~~~~~~~~~~~^~[m[K
[1.898s] In file included from [01m[K/opt/ros/humble/include/rclcpp/rclcpp/client.hpp:40[m[K,
[1.898s]                  from [01m[K/opt/ros/humble/include/rclcpp/rclcpp/callback_group.hpp:24[m[K,
[1.898s]                  from [01m[K/opt/ros/humble/include/rclcpp/rclcpp/any_executable.hpp:20[m[K,
[1.898s]                  from [01m[K/opt/ros/humble/include/rclcpp/rclcpp/memory_strategy.hpp:25[m[K,
[1.898s]                  from [01m[K/opt/ros/humble/include/rclcpp/rclcpp/memory_strategies.hpp:18[m[K,
[1.898s]                  from [01m[K/opt/ros/humble/include/rclcpp/rclcpp/executor_options.hpp:20[m[K,
[1.898s]                  from [01m[K/opt/ros/humble/include/rclcpp/rclcpp/executor.hpp:37[m[K,
[1.898s]                  from [01m[K/opt/ros/humble/include/rclcpp/rclcpp/executors/multi_threaded_executor.hpp:25[m[K,
[1.898s]                  from [01m[K/opt/ros/humble/include/rclcpp/rclcpp/executors.hpp:21[m[K,
[1.898s]                  from [01m[K/opt/ros/humble/include/rclcpp/rclcpp/rclcpp.hpp:155[m[K,
[1.898s]                  from [01m[K/home/ana/my_gazebo_tutorials/src/walker/src/walker_node.cpp:101[m[K:
[1.898s] [01m[K/home/ana/my_gazebo_tutorials/src/walker/src/walker_node.cpp:192:31:[m[K [01;31m[Kerror: [m[Kâ€˜[01m[Kclass MoveForwardState[m[Kâ€™ has no member named â€˜[01m[Kget_logger[m[Kâ€™
[1.899s]   192 |             RCLCPP_INFO(this->[01;31m[Kget_logger[m[K(), "Moving forward...");
[1.899s]       |                               [01;31m[K^~~~~~~~~~[m[K
[1.899s] [01m[K/home/ana/my_gazebo_tutorials/src/walker/src/walker_node.cpp:192:31:[m[K [01;31m[Kerror: [m[Kâ€˜[01m[Kclass MoveForwardState[m[Kâ€™ has no member named â€˜[01m[Kget_logger[m[Kâ€™
[1.899s] [01m[K/home/ana/my_gazebo_tutorials/src/walker/src/walker_node.cpp:192:13:[m[K [01;31m[Kerror: [m[Ktemplate argument 1 is invalid
[1.899s]   192 |             [01;31m[KRCLCPP_INFO[m[K(this->get_logger(), "Moving forward...");
[1.899s]       |             [01;31m[K^~~~~~~~~~~[m[K
[1.903s] [01m[K/home/ana/my_gazebo_tutorials/src/walker/src/walker_node.cpp:192:13:[m[K [01;31m[Kerror: [m[Ktemplate argument 1 is invalid
[1.903s]   192 |             [01;31m[KRCLCPP_INFO[m[K(this->get_logger(), "Moving forward...");
[1.903s]       |             [01;31m[K^~~~~~~~~~~[m[K
[1.903s] [01m[K/home/ana/my_gazebo_tutorials/src/walker/src/walker_node.cpp:192:13:[m[K [01;31m[Kerror: [m[Ktemplate argument 1 is invalid
[1.903s]   192 |             [01;31m[KRCLCPP_INFO[m[K(this->get_logger(), "Moving forward...");
[1.903s]       |             [01;31m[K^~~~~~~~~~~[m[K
[1.903s] In file included from [01m[K/opt/ros/humble/include/rclcpp/rclcpp/logging.hpp:24[m[K,
[1.903s]                  from [01m[K/opt/ros/humble/include/rclcpp/rclcpp/client.hpp:40[m[K,
[1.903s]                  from [01m[K/opt/ros/humble/include/rclcpp/rclcpp/callback_group.hpp:24[m[K,
[1.903s]                  from [01m[K/opt/ros/humble/include/rclcpp/rclcpp/any_executable.hpp:20[m[K,
[1.903s]                  from [01m[K/opt/ros/humble/include/rclcpp/rclcpp/memory_strategy.hpp:25[m[K,
[1.903s]                  from [01m[K/opt/ros/humble/include/rclcpp/rclcpp/memory_strategies.hpp:18[m[K,
[1.903s]                  from [01m[K/opt/ros/humble/include/rclcpp/rclcpp/executor_options.hpp:20[m[K,
[1.903s]                  from [01m[K/opt/ros/humble/include/rclcpp/rclcpp/executor.hpp:37[m[K,
[1.903s]                  from [01m[K/opt/ros/humble/include/rclcpp/rclcpp/executors/multi_threaded_executor.hpp:25[m[K,
[1.903s]                  from [01m[K/opt/ros/humble/include/rclcpp/rclcpp/executors.hpp:21[m[K,
[1.903s]                  from [01m[K/opt/ros/humble/include/rclcpp/rclcpp/rclcpp.hpp:155[m[K,
[1.903s]                  from [01m[K/home/ana/my_gazebo_tutorials/src/walker/src/walker_node.cpp:101[m[K:
[1.903s] [01m[K/home/ana/my_gazebo_tutorials/src/walker/src/walker_node.cpp:192:31:[m[K [01;31m[Kerror: [m[Kâ€˜[01m[Kclass MoveForwardState[m[Kâ€™ has no member named â€˜[01m[Kget_logger[m[Kâ€™
[1.903s]   192 |             RCLCPP_INFO(this->[01;31m[Kget_logger[m[K(), "Moving forward...");
[1.903s]       |                               [01;31m[K^~~~~~~~~~[m[K
[1.903s] [01m[K/home/ana/my_gazebo_tutorials/src/walker/src/walker_node.cpp:192:31:[m[K [01;31m[Kerror: [m[Kâ€˜[01m[Kclass MoveForwardState[m[Kâ€™ has no member named â€˜[01m[Kget_logger[m[Kâ€™
[1.903s]   192 |             RCLCPP_INFO(this->[01;31m[Kget_logger[m[K(), "Moving forward...");
[1.903s]       |                               [01;31m[K^~~~~~~~~~[m[K
[1.904s] In file included from [01m[K/opt/ros/humble/include/rclcpp/rclcpp/client.hpp:40[m[K,
[1.904s]                  from [01m[K/opt/ros/humble/include/rclcpp/rclcpp/callback_group.hpp:24[m[K,
[1.904s]                  from [01m[K/opt/ros/humble/include/rclcpp/rclcpp/any_executable.hpp:20[m[K,
[1.904s]                  from [01m[K/opt/ros/humble/include/rclcpp/rclcpp/memory_strategy.hpp:25[m[K,
[1.904s]                  from [01m[K/opt/ros/humble/include/rclcpp/rclcpp/memory_strategies.hpp:18[m[K,
[1.904s]                  from [01m[K/opt/ros/humble/include/rclcpp/rclcpp/executor_options.hpp:20[m[K,
[1.904s]                  from [01m[K/opt/ros/humble/include/rclcpp/rclcpp/executor.hpp:37[m[K,
[1.904s]                  from [01m[K/opt/ros/humble/include/rclcpp/rclcpp/executors/multi_threaded_executor.hpp:25[m[K,
[1.904s]                  from [01m[K/opt/ros/humble/include/rclcpp/rclcpp/executors.hpp:21[m[K,
[1.904s]                  from [01m[K/opt/ros/humble/include/rclcpp/rclcpp/rclcpp.hpp:155[m[K,
[1.904s]                  from [01m[K/home/ana/my_gazebo_tutorials/src/walker/src/walker_node.cpp:101[m[K:
[1.904s] [01m[K/home/ana/my_gazebo_tutorials/src/walker/src/walker_node.cpp:[m[K In member function â€˜[01m[Kvirtual void MoveForwardState::enter(Walker*)[m[Kâ€™:
[1.904s] [01m[K/home/ana/my_gazebo_tutorials/src/walker/src/walker_node.cpp:198:27:[m[K [01;31m[Kerror: [m[Kâ€˜[01m[Kclass MoveForwardState[m[Kâ€™ has no member named â€˜[01m[Kget_logger[m[Kâ€™
[1.904s]   198 |         RCLCPP_INFO(this->[01;31m[Kget_logger[m[K(), "Entering Move Forward state.");
[1.904s]       |                           [01;31m[K^~~~~~~~~~[m[K
[1.904s] [01m[K/home/ana/my_gazebo_tutorials/src/walker/src/walker_node.cpp:198:27:[m[K [01;31m[Kerror: [m[Kâ€˜[01m[Kclass MoveForwardState[m[Kâ€™ has no member named â€˜[01m[Kget_logger[m[Kâ€™
[1.904s] [01m[K/home/ana/my_gazebo_tutorials/src/walker/src/walker_node.cpp:198:9:[m[K [01;31m[Kerror: [m[Ktemplate argument 1 is invalid
[1.904s]   198 |         [01;31m[KRCLCPP_INFO[m[K(this->get_logger(), "Entering Move Forward state.");
[1.910s]       |         [01;31m[K^~~~~~~~~~~[m[K
[1.910s] [01m[K/home/ana/my_gazebo_tutorials/src/walker/src/walker_node.cpp:198:9:[m[K [01;31m[Kerror: [m[Ktemplate argument 1 is invalid
[1.910s]   198 |         [01;31m[KRCLCPP_INFO[m[K(this->get_logger(), "Entering Move Forward state.");
[1.910s]       |         [01;31m[K^~~~~~~~~~~[m[K
[1.910s] [01m[K/home/ana/my_gazebo_tutorials/src/walker/src/walker_node.cpp:198:9:[m[K [01;31m[Kerror: [m[Ktemplate argument 1 is invalid
[1.910s]   198 |         [01;31m[KRCLCPP_INFO[m[K(this->get_logger(), "Entering Move Forward state.");
[1.910s]       |         [01;31m[K^~~~~~~~~~~[m[K
[1.910s] In file included from [01m[K/opt/ros/humble/include/rclcpp/rclcpp/logging.hpp:24[m[K,
[1.911s]                  from [01m[K/opt/ros/humble/include/rclcpp/rclcpp/client.hpp:40[m[K,
[1.911s]                  from [01m[K/opt/ros/humble/include/rclcpp/rclcpp/callback_group.hpp:24[m[K,
[1.911s]                  from [01m[K/opt/ros/humble/include/rclcpp/rclcpp/any_executable.hpp:20[m[K,
[1.911s]                  from [01m[K/opt/ros/humble/include/rclcpp/rclcpp/memory_strategy.hpp:25[m[K,
[1.911s]                  from [01m[K/opt/ros/humble/include/rclcpp/rclcpp/memory_strategies.hpp:18[m[K,
[1.911s]                  from [01m[K/opt/ros/humble/include/rclcpp/rclcpp/executor_options.hpp:20[m[K,
[1.911s]                  from [01m[K/opt/ros/humble/include/rclcpp/rclcpp/executor.hpp:37[m[K,
[1.911s]                  from [01m[K/opt/ros/humble/include/rclcpp/rclcpp/executors/multi_threaded_executor.hpp:25[m[K,
[1.911s]                  from [01m[K/opt/ros/humble/include/rclcpp/rclcpp/executors.hpp:21[m[K,
[1.911s]                  from [01m[K/opt/ros/humble/include/rclcpp/rclcpp/rclcpp.hpp:155[m[K,
[1.911s]                  from [01m[K/home/ana/my_gazebo_tutorials/src/walker/src/walker_node.cpp:101[m[K:
[1.911s] [01m[K/home/ana/my_gazebo_tutorials/src/walker/src/walker_node.cpp:198:27:[m[K [01;31m[Kerror: [m[Kâ€˜[01m[Kclass MoveForwardState[m[Kâ€™ has no member named â€˜[01m[Kget_logger[m[Kâ€™
[1.911s]   198 |         RCLCPP_INFO(this->[01;31m[Kget_logger[m[K(), "Entering Move Forward state.");
[1.911s]       |                           [01;31m[K^~~~~~~~~~[m[K
[1.911s] [01m[K/home/ana/my_gazebo_tutorials/src/walker/src/walker_node.cpp:198:27:[m[K [01;31m[Kerror: [m[Kâ€˜[01m[Kclass MoveForwardState[m[Kâ€™ has no member named â€˜[01m[Kget_logger[m[Kâ€™
[1.911s]   198 |         RCLCPP_INFO(this->[01;31m[Kget_logger[m[K(), "Entering Move Forward state.");
[1.912s]       |                           [01;31m[K^~~~~~~~~~[m[K
[1.912s] In file included from [01m[K/opt/ros/humble/include/rclcpp/rclcpp/client.hpp:40[m[K,
[1.912s]                  from [01m[K/opt/ros/humble/include/rclcpp/rclcpp/callback_group.hpp:24[m[K,
[1.912s]                  from [01m[K/opt/ros/humble/include/rclcpp/rclcpp/any_executable.hpp:20[m[K,
[1.912s]                  from [01m[K/opt/ros/humble/include/rclcpp/rclcpp/memory_strategy.hpp:25[m[K,
[1.912s]                  from [01m[K/opt/ros/humble/include/rclcpp/rclcpp/memory_strategies.hpp:18[m[K,
[1.912s]                  from [01m[K/opt/ros/humble/include/rclcpp/rclcpp/executor_options.hpp:20[m[K,
[1.912s]                  from [01m[K/opt/ros/humble/include/rclcpp/rclcpp/executor.hpp:37[m[K,
[1.912s]                  from [01m[K/opt/ros/humble/include/rclcpp/rclcpp/executors/multi_threaded_executor.hpp:25[m[K,
[1.916s]                  from [01m[K/opt/ros/humble/include/rclcpp/rclcpp/executors.hpp:21[m[K,
[1.916s]                  from [01m[K/opt/ros/humble/include/rclcpp/rclcpp/rclcpp.hpp:155[m[K,
[1.916s]                  from [01m[K/home/ana/my_gazebo_tutorials/src/walker/src/walker_node.cpp:101[m[K:
[1.916s] [01m[K/home/ana/my_gazebo_tutorials/src/walker/src/walker_node.cpp:[m[K In member function â€˜[01m[Kvirtual void MoveForwardState::exit(Walker*)[m[Kâ€™:
[1.916s] [01m[K/home/ana/my_gazebo_tutorials/src/walker/src/walker_node.cpp:202:27:[m[K [01;31m[Kerror: [m[Kâ€˜[01m[Kclass MoveForwardState[m[Kâ€™ has no member named â€˜[01m[Kget_logger[m[Kâ€™
[1.916s]   202 |         RCLCPP_INFO(this->[01;31m[Kget_logger[m[K(), "Exiting Move Forward state.");
[1.916s]       |                           [01;31m[K^~~~~~~~~~[m[K
[1.916s] [01m[K/home/ana/my_gazebo_tutorials/src/walker/src/walker_node.cpp:202:27:[m[K [01;31m[Kerror: [m[Kâ€˜[01m[Kclass MoveForwardState[m[Kâ€™ has no member named â€˜[01m[Kget_logger[m[Kâ€™
[1.916s] [01m[K/home/ana/my_gazebo_tutorials/src/walker/src/walker_node.cpp:202:9:[m[K [01;31m[Kerror: [m[Ktemplate argument 1 is invalid
[1.916s]   202 |         [01;31m[KRCLCPP_INFO[m[K(this->get_logger(), "Exiting Move Forward state.");
[1.916s]       |         [01;31m[K^~~~~~~~~~~[m[K
[1.916s] [01m[K/home/ana/my_gazebo_tutorials/src/walker/src/walker_node.cpp:202:9:[m[K [01;31m[Kerror: [m[Ktemplate argument 1 is invalid
[1.916s]   202 |         [01;31m[KRCLCPP_INFO[m[K(this->get_logger(), "Exiting Move Forward state.");
[1.916s]       |         [01;31m[K^~~~~~~~~~~[m[K
[1.916s] [01m[K/home/ana/my_gazebo_tutorials/src/walker/src/walker_node.cpp:202:9:[m[K [01;31m[Kerror: [m[Ktemplate argument 1 is invalid
[1.916s]   202 |         [01;31m[KRCLCPP_INFO[m[K(this->get_logger(), "Exiting Move Forward state.");
[1.916s]       |         [01;31m[K^~~~~~~~~~~[m[K
[1.916s] In file included from [01m[K/opt/ros/humble/include/rclcpp/rclcpp/logging.hpp:24[m[K,
[1.917s]                  from [01m[K/opt/ros/humble/include/rclcpp/rclcpp/client.hpp:40[m[K,
[1.917s]                  from [01m[K/opt/ros/humble/include/rclcpp/rclcpp/callback_group.hpp:24[m[K,
[1.917s]                  from [01m[K/opt/ros/humble/include/rclcpp/rclcpp/any_executable.hpp:20[m[K,
[1.917s]                  from [01m[K/opt/ros/humble/include/rclcpp/rclcpp/memory_strategy.hpp:25[m[K,
[1.917s]                  from [01m[K/opt/ros/humble/include/rclcpp/rclcpp/memory_strategies.hpp:18[m[K,
[1.917s]                  from [01m[K/opt/ros/humble/include/rclcpp/rclcpp/executor_options.hpp:20[m[K,
[1.917s]                  from [01m[K/opt/ros/humble/include/rclcpp/rclcpp/executor.hpp:37[m[K,
[1.917s]                  from [01m[K/opt/ros/humble/include/rclcpp/rclcpp/executors/multi_threaded_executor.hpp:25[m[K,
[1.917s]                  from [01m[K/opt/ros/humble/include/rclcpp/rclcpp/executors.hpp:21[m[K,
[1.917s]                  from [01m[K/opt/ros/humble/include/rclcpp/rclcpp/rclcpp.hpp:155[m[K,
[1.917s]                  from [01m[K/home/ana/my_gazebo_tutorials/src/walker/src/walker_node.cpp:101[m[K:
[1.917s] [01m[K/home/ana/my_gazebo_tutorials/src/walker/src/walker_node.cpp:202:27:[m[K [01;31m[Kerror: [m[Kâ€˜[01m[Kclass MoveForwardState[m[Kâ€™ has no member named â€˜[01m[Kget_logger[m[Kâ€™
[1.917s]   202 |         RCLCPP_INFO(this->[01;31m[Kget_logger[m[K(), "Exiting Move Forward state.");
[1.917s]       |                           [01;31m[K^~~~~~~~~~[m[K
[1.917s] [01m[K/home/ana/my_gazebo_tutorials/src/walker/src/walker_node.cpp:202:27:[m[K [01;31m[Kerror: [m[Kâ€˜[01m[Kclass MoveForwardState[m[Kâ€™ has no member named â€˜[01m[Kget_logger[m[Kâ€™
[1.917s]   202 |         RCLCPP_INFO(this->[01;31m[Kget_logger[m[K(), "Exiting Move Forward state.");
[1.917s]       |                           [01;31m[K^~~~~~~~~~[m[K
[1.917s] [01m[K/home/ana/my_gazebo_tutorials/src/walker/src/walker_node.cpp:201:23:[m[K [01;35m[Kwarning: [m[Kunused parameter â€˜[01m[Kwalker[m[Kâ€™ [[01;35m[K]8;;https://gcc.gnu.org/onlinedocs/gcc/Warning-Options.html#index-Wunused-parameter-Wunused-parameter]8;;[m[K]
[1.917s]   201 |     void exit([01;35m[KWalker* walker[m[K) override {
[1.917s]       |               [01;35m[K~~~~~~~~^~~~~~[m[K
[1.917s] [01m[K/home/ana/my_gazebo_tutorials/src/walker/src/walker_node.cpp:[m[K At global scope:
[1.917s] [01m[K/home/ana/my_gazebo_tutorials/src/walker/src/walker_node.cpp:212:10:[m[K [01;31m[Kerror: [m[Kâ€˜[01m[Kvoid RotateState::handle(const LaserScan&)[m[Kâ€™ marked â€˜[01m[Koverride[m[Kâ€™, but does not override
[1.917s]   212 |     void [01;31m[Khandle[m[K(const sensor_msgs::msg::LaserScan &scan) override {
[1.917s]       |          [01;31m[K^~~~~~[m[K
[1.917s] In file included from [01m[K/opt/ros/humble/include/rclcpp/rclcpp/client.hpp:40[m[K,
[1.917s]                  from [01m[K/opt/ros/humble/include/rclcpp/rclcpp/callback_group.hpp:24[m[K,
[1.917s]                  from [01m[K/opt/ros/humble/include/rclcpp/rclcpp/any_executable.hpp:20[m[K,
[1.917s]                  from [01m[K/opt/ros/humble/include/rclcpp/rclcpp/memory_strategy.hpp:25[m[K,
[1.917s]                  from [01m[K/opt/ros/humble/include/rclcpp/rclcpp/memory_strategies.hpp:18[m[K,
[1.917s]                  from [01m[K/opt/ros/humble/include/rclcpp/rclcpp/executor_options.hpp:20[m[K,
[1.918s]                  from [01m[K/opt/ros/humble/include/rclcpp/rclcpp/executor.hpp:37[m[K,
[1.918s]                  from [01m[K/opt/ros/humble/include/rclcpp/rclcpp/executors/multi_threaded_executor.hpp:25[m[K,
[1.918s]                  from [01m[K/opt/ros/humble/include/rclcpp/rclcpp/executors.hpp:21[m[K,
[1.918s]                  from [01m[K/opt/ros/humble/include/rclcpp/rclcpp/rclcpp.hpp:155[m[K,
[1.918s]                  from [01m[K/home/ana/my_gazebo_tutorials/src/walker/src/walker_node.cpp:101[m[K:
[1.918s] [01m[K/home/ana/my_gazebo_tutorials/src/walker/src/walker_node.cpp:[m[K In member function â€˜[01m[Kvoid RotateState::handle(const LaserScan&)[m[Kâ€™:
[1.918s] [01m[K/home/ana/my_gazebo_tutorials/src/walker/src/walker_node.cpp:214:27:[m[K [01;31m[Kerror: [m[Kâ€˜[01m[Kclass RotateState[m[Kâ€™ has no member named â€˜[01m[Kget_logger[m[Kâ€™
[1.918s]   214 |         RCLCPP_INFO(this->[01;31m[Kget_logger[m[K(), "Rotating %s...",
[1.918s]       |                           [01;31m[K^~~~~~~~~~[m[K
[1.918s] [01m[K/home/ana/my_gazebo_tutorials/src/walker/src/walker_node.cpp:214:27:[m[K [01;31m[Kerror: [m[Kâ€˜[01m[Kclass RotateState[m[Kâ€™ has no member named â€˜[01m[Kget_logger[m[Kâ€™
[1.924s] [01m[K/home/ana/my_gazebo_tutorials/src/walker/src/walker_node.cpp:214:9:[m[K [01;31m[Kerror: [m[Ktemplate argument 1 is invalid
[1.924s]   214 |         [01;31m[KRCLCPP_INFO[m[K(this->get_logger(), "Rotating %s...",
[1.924s]       |         [01;31m[K^~~~~~~~~~~[m[K
[1.924s] [01m[K/home/ana/my_gazebo_tutorials/src/walker/src/walker_node.cpp:214:9:[m[K [01;31m[Kerror: [m[Ktemplate argument 1 is invalid
[1.924s]   214 |         [01;31m[KRCLCPP_INFO[m[K(this->get_logger(), "Rotating %s...",
[1.924s]       |         [01;31m[K^~~~~~~~~~~[m[K
[1.924s] [01m[K/home/ana/my_gazebo_tutorials/src/walker/src/walker_node.cpp:214:9:[m[K [01;31m[Kerror: [m[Ktemplate argument 1 is invalid
[1.924s]   214 |         [01;31m[KRCLCPP_INFO[m[K(this->get_logger(), "Rotating %s...",
[1.924s]       |         [01;31m[K^~~~~~~~~~~[m[K
[1.924s] In file included from [01m[K/opt/ros/humble/include/rclcpp/rclcpp/logging.hpp:24[m[K,
[1.924s]                  from [01m[K/opt/ros/humble/include/rclcpp/rclcpp/client.hpp:40[m[K,
[1.924s]                  from [01m[K/opt/ros/humble/include/rclcpp/rclcpp/callback_group.hpp:24[m[K,
[1.924s]                  from [01m[K/opt/ros/humble/include/rclcpp/rclcpp/any_executable.hpp:20[m[K,
[1.925s]                  from [01m[K/opt/ros/humble/include/rclcpp/rclcpp/memory_strategy.hpp:25[m[K,
[1.925s]                  from [01m[K/opt/ros/humble/include/rclcpp/rclcpp/memory_strategies.hpp:18[m[K,
[1.925s]                  from [01m[K/opt/ros/humble/include/rclcpp/rclcpp/executor_options.hpp:20[m[K,
[1.925s]                  from [01m[K/opt/ros/humble/include/rclcpp/rclcpp/executor.hpp:37[m[K,
[1.925s]                  from [01m[K/opt/ros/humble/include/rclcpp/rclcpp/executors/multi_threaded_executor.hpp:25[m[K,
[1.925s]                  from [01m[K/opt/ros/humble/include/rclcpp/rclcpp/executors.hpp:21[m[K,
[1.925s]                  from [01m[K/opt/ros/humble/include/rclcpp/rclcpp/rclcpp.hpp:155[m[K,
[1.925s]                  from [01m[K/home/ana/my_gazebo_tutorials/src/walker/src/walker_node.cpp:101[m[K:
[1.925s] [01m[K/home/ana/my_gazebo_tutorials/src/walker/src/walker_node.cpp:214:27:[m[K [01;31m[Kerror: [m[Kâ€˜[01m[Kclass RotateState[m[Kâ€™ has no member named â€˜[01m[Kget_logger[m[Kâ€™
[1.925s]   214 |         RCLCPP_INFO(this->[01;31m[Kget_logger[m[K(), "Rotating %s...",
[1.925s]       |                           [01;31m[K^~~~~~~~~~[m[K
[1.925s] [01m[K/home/ana/my_gazebo_tutorials/src/walker/src/walker_node.cpp:214:27:[m[K [01;31m[Kerror: [m[Kâ€˜[01m[Kclass RotateState[m[Kâ€™ has no member named â€˜[01m[Kget_logger[m[Kâ€™
[1.925s]   214 |         RCLCPP_INFO(this->[01;31m[Kget_logger[m[K(), "Rotating %s...",
[1.925s]       |                           [01;31m[K^~~~~~~~~~[m[K
[1.925s] In file included from [01m[K/opt/ros/humble/include/rclcpp/rclcpp/client.hpp:40[m[K,
[1.925s]                  from [01m[K/opt/ros/humble/include/rclcpp/rclcpp/callback_group.hpp:24[m[K,
[1.925s]                  from [01m[K/opt/ros/humble/include/rclcpp/rclcpp/any_executable.hpp:20[m[K,
[1.925s]                  from [01m[K/opt/ros/humble/include/rclcpp/rclcpp/memory_strategy.hpp:25[m[K,
[1.925s]                  from [01m[K/opt/ros/humble/include/rclcpp/rclcpp/memory_strategies.hpp:18[m[K,
[1.925s]                  from [01m[K/opt/ros/humble/include/rclcpp/rclcpp/executor_options.hpp:20[m[K,
[1.925s]                  from [01m[K/opt/ros/humble/include/rclcpp/rclcpp/executor.hpp:37[m[K,
[1.925s]                  from [01m[K/opt/ros/humble/include/rclcpp/rclcpp/executors/multi_threaded_executor.hpp:25[m[K,
[1.925s]                  from [01m[K/opt/ros/humble/include/rclcpp/rclcpp/executors.hpp:21[m[K,
[1.925s]                  from [01m[K/opt/ros/humble/include/rclcpp/rclcpp/rclcpp.hpp:155[m[K,
[1.925s]                  from [01m[K/home/ana/my_gazebo_tutorials/src/walker/src/walker_node.cpp:101[m[K:
[1.925s] [01m[K/home/ana/my_gazebo_tutorials/src/walker/src/walker_node.cpp:[m[K In member function â€˜[01m[Kvirtual void RotateState::enter(Walker*)[m[Kâ€™:
[1.925s] [01m[K/home/ana/my_gazebo_tutorials/src/walker/src/walker_node.cpp:225:27:[m[K [01;31m[Kerror: [m[Kâ€˜[01m[Kclass RotateState[m[Kâ€™ has no member named â€˜[01m[Kget_logger[m[Kâ€™
[1.926s]   225 |         RCLCPP_INFO(this->[01;31m[Kget_logger[m[K(), "Entering Rotate state.");
[1.926s]       |                           [01;31m[K^~~~~~~~~~[m[K
[1.926s] [01m[K/home/ana/my_gazebo_tutorials/src/walker/src/walker_node.cpp:225:27:[m[K [01;31m[Kerror: [m[Kâ€˜[01m[Kclass RotateState[m[Kâ€™ has no member named â€˜[01m[Kget_logger[m[Kâ€™
[1.926s] [01m[K/home/ana/my_gazebo_tutorials/src/walker/src/walker_node.cpp:225:9:[m[K [01;31m[Kerror: [m[Ktemplate argument 1 is invalid
[1.926s]   225 |         [01;31m[KRCLCPP_INFO[m[K(this->get_logger(), "Entering Rotate state.");
[1.926s]       |         [01;31m[K^~~~~~~~~~~[m[K
[1.926s] [01m[K/home/ana/my_gazebo_tutorials/src/walker/src/walker_node.cpp:225:9:[m[K [01;31m[Kerror: [m[Ktemplate argument 1 is invalid
[1.926s]   225 |         [01;31m[KRCLCPP_INFO[m[K(this->get_logger(), "Entering Rotate state.");
[1.926s]       |         [01;31m[K^~~~~~~~~~~[m[K
[1.926s] [01m[K/home/ana/my_gazebo_tutorials/src/walker/src/walker_node.cpp:225:9:[m[K [01;31m[Kerror: [m[Ktemplate argument 1 is invalid
[1.931s]   225 |         [01;31m[KRCLCPP_INFO[m[K(this->get_logger(), "Entering Rotate state.");
[1.931s]       |         [01;31m[K^~~~~~~~~~~[m[K
[1.931s] In file included from [01m[K/opt/ros/humble/include/rclcpp/rclcpp/logging.hpp:24[m[K,
[1.931s]                  from [01m[K/opt/ros/humble/include/rclcpp/rclcpp/client.hpp:40[m[K,
[1.931s]                  from [01m[K/opt/ros/humble/include/rclcpp/rclcpp/callback_group.hpp:24[m[K,
[1.931s]                  from [01m[K/opt/ros/humble/include/rclcpp/rclcpp/any_executable.hpp:20[m[K,
[1.931s]                  from [01m[K/opt/ros/humble/include/rclcpp/rclcpp/memory_strategy.hpp:25[m[K,
[1.931s]                  from [01m[K/opt/ros/humble/include/rclcpp/rclcpp/memory_strategies.hpp:18[m[K,
[1.931s]                  from [01m[K/opt/ros/humble/include/rclcpp/rclcpp/executor_options.hpp:20[m[K,
[1.931s]                  from [01m[K/opt/ros/humble/include/rclcpp/rclcpp/executor.hpp:37[m[K,
[1.931s]                  from [01m[K/opt/ros/humble/include/rclcpp/rclcpp/executors/multi_threaded_executor.hpp:25[m[K,
[1.931s]                  from [01m[K/opt/ros/humble/include/rclcpp/rclcpp/executors.hpp:21[m[K,
[1.931s]                  from [01m[K/opt/ros/humble/include/rclcpp/rclcpp/rclcpp.hpp:155[m[K,
[1.931s]                  from [01m[K/home/ana/my_gazebo_tutorials/src/walker/src/walker_node.cpp:101[m[K:
[1.932s] [01m[K/home/ana/my_gazebo_tutorials/src/walker/src/walker_node.cpp:225:27:[m[K [01;31m[Kerror: [m[Kâ€˜[01m[Kclass RotateState[m[Kâ€™ has no member named â€˜[01m[Kget_logger[m[Kâ€™
[1.932s]   225 |         RCLCPP_INFO(this->[01;31m[Kget_logger[m[K(), "Entering Rotate state.");
[1.932s]       |                           [01;31m[K^~~~~~~~~~[m[K
[1.932s] [01m[K/home/ana/my_gazebo_tutorials/src/walker/src/walker_node.cpp:225:27:[m[K [01;31m[Kerror: [m[Kâ€˜[01m[Kclass RotateState[m[Kâ€™ has no member named â€˜[01m[Kget_logger[m[Kâ€™
[1.932s]   225 |         RCLCPP_INFO(this->[01;31m[Kget_logger[m[K(), "Entering Rotate state.");
[1.932s]       |                           [01;31m[K^~~~~~~~~~[m[K
[1.932s] In file included from [01m[K/opt/ros/humble/include/rclcpp/rclcpp/client.hpp:40[m[K,
[1.932s]                  from [01m[K/opt/ros/humble/include/rclcpp/rclcpp/callback_group.hpp:24[m[K,
[1.932s]                  from [01m[K/opt/ros/humble/include/rclcpp/rclcpp/any_executable.hpp:20[m[K,
[1.932s]                  from [01m[K/opt/ros/humble/include/rclcpp/rclcpp/memory_strategy.hpp:25[m[K,
[1.932s]                  from [01m[K/opt/ros/humble/include/rclcpp/rclcpp/memory_strategies.hpp:18[m[K,
[1.932s]                  from [01m[K/opt/ros/humble/include/rclcpp/rclcpp/executor_options.hpp:20[m[K,
[1.932s]                  from [01m[K/opt/ros/humble/include/rclcpp/rclcpp/executor.hpp:37[m[K,
[1.932s]                  from [01m[K/opt/ros/humble/include/rclcpp/rclcpp/executors/multi_threaded_executor.hpp:25[m[K,
[1.932s]                  from [01m[K/opt/ros/humble/include/rclcpp/rclcpp/executors.hpp:21[m[K,
[1.932s]                  from [01m[K/opt/ros/humble/include/rclcpp/rclcpp/rclcpp.hpp:155[m[K,
[1.933s]                  from [01m[K/home/ana/my_gazebo_tutorials/src/walker/src/walker_node.cpp:101[m[K:
[1.933s] [01m[K/home/ana/my_gazebo_tutorials/src/walker/src/walker_node.cpp:[m[K In member function â€˜[01m[Kvirtual void RotateState::exit(Walker*)[m[Kâ€™:
[1.933s] [01m[K/home/ana/my_gazebo_tutorials/src/walker/src/walker_node.cpp:230:27:[m[K [01;31m[Kerror: [m[Kâ€˜[01m[Kclass RotateState[m[Kâ€™ has no member named â€˜[01m[Kget_logger[m[Kâ€™
[1.933s]   230 |         RCLCPP_INFO(this->[01;31m[Kget_logger[m[K(), "Exiting Rotate state. Changing rotation direction.");
[1.933s]       |                           [01;31m[K^~~~~~~~~~[m[K
[1.933s] [01m[K/home/ana/my_gazebo_tutorials/src/walker/src/walker_node.cpp:230:27:[m[K [01;31m[Kerror: [m[Kâ€˜[01m[Kclass RotateState[m[Kâ€™ has no member named â€˜[01m[Kget_logger[m[Kâ€™
[1.933s] [01m[K/home/ana/my_gazebo_tutorials/src/walker/src/walker_node.cpp:230:9:[m[K [01;31m[Kerror: [m[Ktemplate argument 1 is invalid
[1.933s]   230 |         [01;31m[KRCLCPP_INFO[m[K(this->get_logger(), "Exiting Rotate state. Changing rotation direction.");
[1.933s]       |         [01;31m[K^~~~~~~~~~~[m[K
[1.935s] [01m[K/home/ana/my_gazebo_tutorials/src/walker/src/walker_node.cpp:230:9:[m[K [01;31m[Kerror: [m[Ktemplate argument 1 is invalid
[1.935s]   230 |         [01;31m[KRCLCPP_INFO[m[K(this->get_logger(), "Exiting Rotate state. Changing rotation direction.");
[1.935s]       |         [01;31m[K^~~~~~~~~~~[m[K
[1.935s] [01m[K/home/ana/my_gazebo_tutorials/src/walker/src/walker_node.cpp:230:9:[m[K [01;31m[Kerror: [m[Ktemplate argument 1 is invalid
[1.935s]   230 |         [01;31m[KRCLCPP_INFO[m[K(this->get_logger(), "Exiting Rotate state. Changing rotation direction.");
[1.935s]       |         [01;31m[K^~~~~~~~~~~[m[K
[1.935s] In file included from [01m[K/opt/ros/humble/include/rclcpp/rclcpp/logging.hpp:24[m[K,
[1.936s]                  from [01m[K/opt/ros/humble/include/rclcpp/rclcpp/client.hpp:40[m[K,
[1.936s]                  from [01m[K/opt/ros/humble/include/rclcpp/rclcpp/callback_group.hpp:24[m[K,
[1.936s]                  from [01m[K/opt/ros/humble/include/rclcpp/rclcpp/any_executable.hpp:20[m[K,
[1.936s]                  from [01m[K/opt/ros/humble/include/rclcpp/rclcpp/memory_strategy.hpp:25[m[K,
[1.936s]                  from [01m[K/opt/ros/humble/include/rclcpp/rclcpp/memory_strategies.hpp:18[m[K,
[1.936s]                  from [01m[K/opt/ros/humble/include/rclcpp/rclcpp/executor_options.hpp:20[m[K,
[1.936s]                  from [01m[K/opt/ros/humble/include/rclcpp/rclcpp/executor.hpp:37[m[K,
[1.936s]                  from [01m[K/opt/ros/humble/include/rclcpp/rclcpp/executors/multi_threaded_executor.hpp:25[m[K,
[1.936s]                  from [01m[K/opt/ros/humble/include/rclcpp/rclcpp/executors.hpp:21[m[K,
[1.936s]                  from [01m[K/opt/ros/humble/include/rclcpp/rclcpp/rclcpp.hpp:155[m[K,
[1.936s]                  from [01m[K/home/ana/my_gazebo_tutorials/src/walker/src/walker_node.cpp:101[m[K:
[1.936s] [01m[K/home/ana/my_gazebo_tutorials/src/walker/src/walker_node.cpp:230:27:[m[K [01;31m[Kerror: [m[Kâ€˜[01m[Kclass RotateState[m[Kâ€™ has no member named â€˜[01m[Kget_logger[m[Kâ€™
[1.936s]   230 |         RCLCPP_INFO(this->[01;31m[Kget_logger[m[K(), "Exiting Rotate state. Changing rotation direction.");
[1.936s]       |                           [01;31m[K^~~~~~~~~~[m[K
[1.936s] [01m[K/home/ana/my_gazebo_tutorials/src/walker/src/walker_node.cpp:230:27:[m[K [01;31m[Kerror: [m[Kâ€˜[01m[Kclass RotateState[m[Kâ€™ has no member named â€˜[01m[Kget_logger[m[Kâ€™
[1.936s]   230 |         RCLCPP_INFO(this->[01;31m[Kget_logger[m[K(), "Exiting Rotate state. Changing rotation direction.");
[1.936s]       |                           [01;31m[K^~~~~~~~~~[m[K
[1.936s] [01m[K/home/ana/my_gazebo_tutorials/src/walker/src/walker_node.cpp:228:23:[m[K [01;35m[Kwarning: [m[Kunused parameter â€˜[01m[Kwalker[m[Kâ€™ [[01;35m[K]8;;https://gcc.gnu.org/onlinedocs/gcc/Warning-Options.html#index-Wunused-parameter-Wunused-parameter]8;;[m[K]
[1.936s]   228 |     void exit([01;35m[KWalker* walker[m[K) override {
[1.936s]       |               [01;35m[K~~~~~~~~^~~~~~[m[K
[2.684s] In file included from [01m[K/usr/include/x86_64-linux-gnu/c++/11/bits/c++allocator.h:33[m[K,
[2.684s]                  from [01m[K/usr/include/c++/11/bits/allocator.h:46[m[K,
[2.684s]                  from [01m[K/usr/include/c++/11/unordered_map:40[m[K,
[2.684s]                  from [01m[K/usr/include/c++/11/functional:61[m[K,
[2.684s]                  from [01m[K/usr/include/c++/11/pstl/glue_algorithm_defs.h:13[m[K,
[2.684s]                  from [01m[K/usr/include/c++/11/algorithm:74[m[K,
[2.684s]                  from [01m[K/opt/ros/humble/include/geometry_msgs/geometry_msgs/msg/detail/twist__struct.hpp:8[m[K,
[2.685s]                  from [01m[K/opt/ros/humble/include/geometry_msgs/geometry_msgs/msg/twist.hpp:7[m[K,
[2.685s]                  from [01m[K/home/ana/my_gazebo_tutorials/src/walker/src/walker_node.cpp:100[m[K:
[2.685s] /usr/include/c++/11/ext/new_allocator.h: In instantiation of â€˜[01m[Kvoid __gnu_cxx::new_allocator<_Tp>::construct(_Up*, _Args&& ...) [with _Up = MoveForwardState; _Args = {}; _Tp = MoveForwardState][m[Kâ€™:
[2.685s] [01m[K/usr/include/c++/11/bits/alloc_traits.h:516:17:[m[K   required from â€˜[01m[Kstatic void std::allocator_traits<std::allocator<_Tp1> >::construct(std::allocator_traits<std::allocator<_Tp1> >::allocator_type&, _Up*, _Args&& ...) [with _Up = MoveForwardState; _Args = {}; _Tp = MoveForwardState; std::allocator_traits<std::allocator<_Tp1> >::allocator_type = std::allocator<MoveForwardState>][m[Kâ€™
[2.685s] [01m[K/usr/include/c++/11/bits/shared_ptr_base.h:519:39:[m[K   required from â€˜[01m[Kstd::_Sp_counted_ptr_inplace<_Tp, _Alloc, _Lp>::_Sp_counted_ptr_inplace(_Alloc, _Args&& ...) [with _Args = {}; _Tp = MoveForwardState; _Alloc = std::allocator<MoveForwardState>; __gnu_cxx::_Lock_policy _Lp = __gnu_cxx::_S_atomic][m[Kâ€™
[2.685s] [01m[K/usr/include/c++/11/bits/shared_ptr_base.h:650:16:[m[K   required from â€˜[01m[Kstd::__shared_count<_Lp>::__shared_count(_Tp*&, std::_Sp_alloc_shared_tag<_Alloc>, _Args&& ...) [with _Tp = MoveForwardState; _Alloc = std::allocator<MoveForwardState>; _Args = {}; __gnu_cxx::_Lock_policy _Lp = __gnu_cxx::_S_atomic][m[Kâ€™
[2.685s] [01m[K/usr/include/c++/11/bits/shared_ptr_base.h:1342:14:[m[K   required from â€˜[01m[Kstd::__shared_ptr<_Tp, _Lp>::__shared_ptr(std::_Sp_alloc_shared_tag<_Tp>, _Args&& ...) [with _Alloc = std::allocator<MoveForwardState>; _Args = {}; _Tp = MoveForwardState; __gnu_cxx::_Lock_policy _Lp = __gnu_cxx::_S_atomic][m[Kâ€™
[2.685s] [01m[K/usr/include/c++/11/bits/shared_ptr.h:409:59:[m[K   required from â€˜[01m[Kstd::shared_ptr<_Tp>::shared_ptr(std::_Sp_alloc_shared_tag<_Tp>, _Args&& ...) [with _Alloc = std::allocator<MoveForwardState>; _Args = {}; _Tp = MoveForwardState][m[Kâ€™
[2.685s] [01m[K/usr/include/c++/11/bits/shared_ptr.h:862:14:[m[K   required from â€˜[01m[Kstd::shared_ptr<_Tp> std::allocate_shared(const _Alloc&, _Args&& ...) [with _Tp = MoveForwardState; _Alloc = std::allocator<MoveForwardState>; _Args = {}][m[Kâ€™
[2.685s] [01m[K/usr/include/c++/11/bits/shared_ptr.h:878:39:[m[K   required from â€˜[01m[Kstd::shared_ptr<_Tp> std::make_shared(_Args&& ...) [with _Tp = MoveForwardState; _Args = {}][m[Kâ€™
[2.685s] [01m[K/home/ana/my_gazebo_tutorials/src/walker/src/walker_node.cpp:219:65:[m[K   required from here
[2.685s] [01m[K/usr/include/c++/11/ext/new_allocator.h:162:11:[m[K [01;31m[Kerror: [m[Kinvalid new-expression of abstract class type â€˜[01m[KMoveForwardState[m[Kâ€™
[2.685s]   162 |         { [01;31m[K::new((void *)__p) _Up(std::forward<_Args>(__args)...)[m[K; }
[2.685s]       |           [01;31m[K^~~~~~~~~~~~~~~~~~~~~~~~~~~~~~~~~~~~~~~~~~~~~~~~~~~~~~[m[K
[2.685s] [01m[K/home/ana/my_gazebo_tutorials/src/walker/src/walker_node.cpp:174:7:[m[K [01;36m[Knote: [m[K  because the following virtual functions are pure within â€˜[01m[KMoveForwardState[m[Kâ€™:
[2.685s]   174 | class [01;36m[KMoveForwardState[m[K : public State {
[2.685s]       |       [01;36m[K^~~~~~~~~~~~~~~~[m[K
[2.685s] [01m[K/home/ana/my_gazebo_tutorials/src/walker/src/walker_node.cpp:114:18:[m[K [01;36m[Knote: [m[K    â€˜[01m[Kvirtual void State::handle(int)[m[Kâ€™
[2.685s]   114 |     virtual void [01;36m[Khandle[m[K(LaserDataCB(scan)) = 0;
[2.685s]       |                  [01;36m[K^~~~~~[m[K
[4.730s] gmake[2]: *** [CMakeFiles/walker_node.dir/build.make:76: CMakeFiles/walker_node.dir/src/walker_node.cpp.o] Error 1
[4.730s] gmake[1]: *** [CMakeFiles/Makefile2:137: CMakeFiles/walker_node.dir/all] Error 2
[4.730s] gmake: *** [Makefile:146: all] Error 2
[4.732s] Invoked command in '/home/ana/my_gazebo_tutorials/build/walker' returned '2': CMAKE_PREFIX_PATH=${CMAKE_PREFIX_PATH}:/opt/ros/humble /usr/bin/cmake --build /home/ana/my_gazebo_tutorials/build/walker -- -j2 -l2
