[0.022s] Invoking command in '/home/ana/my_gazebo_tutorials/build/walker': CMAKE_PREFIX_PATH=${CMAKE_PREFIX_PATH}:/opt/ros/humble /usr/bin/cmake --build /home/ana/my_gazebo_tutorials/build/walker -- -j2 -l2
[0.065s] [35m[1mConsolidate compiler generated dependencies of target walker_node[0m
[0.082s] [ 50%] [32mBuilding CXX object CMakeFiles/walker_node.dir/src/walker_node.cpp.o[0m
[1.862s] [01m[K/home/ana/my_gazebo_tutorials/src/walker/src/walker_node.cpp:[m[K In constructor â€˜[01m[KTurtlebotWalker::TurtlebotWalker()[m[Kâ€™:
[1.863s] [01m[K/home/ana/my_gazebo_tutorials/src/walker/src/walker_node.cpp:20:71:[m[K [01;31m[Kerror: [m[Kâ€˜[01m[K_1[m[Kâ€™ was not declared in this scope; did you mean â€˜[01m[Kstd::placeholders::_1[m[Kâ€™?
[1.863s]    20 |     "/scan", 10, std::bind(&TurtlebotWalker::scan_callback, this, [01;31m[K_1[m[K));
[1.863s]       |                                                                   [01;31m[K^~[m[K
[1.863s]       |                                                                   [32m[Kstd::placeholders::_1[m[K
[1.863s] In file included from [01m[K/usr/include/c++/11/pstl/glue_algorithm_defs.h:13[m[K,
[1.863s]                  from [01m[K/usr/include/c++/11/algorithm:74[m[K,
[1.863s]                  from [01m[K/opt/ros/humble/include/geometry_msgs/geometry_msgs/msg/detail/twist__struct.hpp:8[m[K,
[1.863s]                  from [01m[K/opt/ros/humble/include/geometry_msgs/geometry_msgs/msg/twist.hpp:7[m[K,
[1.863s]                  from [01m[K/home/ana/my_gazebo_tutorials/src/walker/src/walker_node.cpp:1[m[K:
[1.863s] [01m[K/usr/include/c++/11/functional:225:34:[m[K [01;36m[Knote: [m[Kâ€˜[01m[Kstd::placeholders::_1[m[Kâ€™ declared here
[1.863s]   225 |     extern const _Placeholder<1> [01;36m[K_1[m[K;
[1.863s]       |                                  [01;36m[K^~[m[K
[1.864s] [01m[K/home/ana/my_gazebo_tutorials/src/walker/src/walker_node.cpp:[m[K In member function â€˜[01m[Kvoid TurtlebotWalker::scan_callback(const LaserScan&)[m[Kâ€™:
[1.864s] [01m[K/home/ana/my_gazebo_tutorials/src/walker/src/walker_node.cpp:44:66:[m[K [01;35m[Kwarning: [m[Kcomparison of integer expressions of different signedness: â€˜[01m[Kunsigned int[m[Kâ€™ and â€˜[01m[Kint[m[Kâ€™ [[01;35m[K]8;;https://gcc.gnu.org/onlinedocs/gcc/Warning-Options.html#index-Wsign-compare-Wsign-compare]8;;[m[K]
[1.864s]    44 | or (unsigned int scan_angle = front_range_start; [01;35m[Kscan_angle < front_range_end[m[K; scan_angle++) {
[1.864s]       |                                                  [01;35m[K~~~~~~~~~~~^~~~~~~~~~~~~~~~~[m[K
[1.864s] 
[2.448s] gmake[2]: *** [CMakeFiles/walker_node.dir/build.make:76: CMakeFiles/walker_node.dir/src/walker_node.cpp.o] Error 1
[2.448s] gmake[1]: *** [CMakeFiles/Makefile2:137: CMakeFiles/walker_node.dir/all] Error 2
[2.449s] gmake: *** [Makefile:146: all] Error 2
[2.452s] Invoked command in '/home/ana/my_gazebo_tutorials/build/walker' returned '2': CMAKE_PREFIX_PATH=${CMAKE_PREFIX_PATH}:/opt/ros/humble /usr/bin/cmake --build /home/ana/my_gazebo_tutorials/build/walker -- -j2 -l2
