[0.012s] Invoking command in '/home/ana/my_gazebo_tutorials/build/walker': /usr/bin/cmake --build /home/ana/my_gazebo_tutorials/build/walker -- -j2 -l2
[0.122s] -- Found ament_cmake: 1.3.10 (/opt/ros/humble/share/ament_cmake/cmake)
[0.269s] Traceback (most recent call last):
[0.269s]   File "/opt/ros/humble/share/ament_cmake_core/cmake/package_templates/templates_2_cmake.py", line 21, in <module>
[0.269s]     from ament_package.templates import get_environment_hook_template_path
[0.269s] ModuleNotFoundError: No module named 'ament_package'
[0.277s] [31mCMake Error at /opt/ros/humble/share/ament_cmake_core/cmake/ament_cmake_package_templates-extras.cmake:41 (message):
[0.278s]   execute_process(/usr/bin/python3
[0.278s]   /opt/ros/humble/share/ament_cmake_core/cmake/package_templates/templates_2_cmake.py
[0.278s]   /home/ana/my_gazebo_tutorials/build/walker/ament_cmake_package_templates/templates.cmake)
[0.278s]   returned error code 1
[0.278s] Call Stack (most recent call first):
[0.278s]   /opt/ros/humble/share/ament_cmake_core/cmake/ament_cmake_coreConfig.cmake:41 (include)
[0.278s]   /opt/ros/humble/share/ament_cmake/cmake/ament_cmake_export_dependencies-extras.cmake:15 (find_package)
[0.279s] -- Configuring incomplete, errors occurred!
[0.279s] See also "/home/ana/my_gazebo_tutorials/build/walker/CMakeFiles/CMakeOutput.log".
[0.279s]   /opt/ros/humble/share/ament_cmake/cmake/ament_cmakeConfig.cmake:41 (include)
[0.279s]   CMakeLists.txt:9 (find_package)
[0.279s] 
[0.279s] [0m
[0.281s] gmake: *** [Makefile:267: cmake_check_build_system] Error 1
[0.282s] Invoked command in '/home/ana/my_gazebo_tutorials/build/walker' returned '2': /usr/bin/cmake --build /home/ana/my_gazebo_tutorials/build/walker -- -j2 -l2
