[0.015s] Invoking command in '/home/ana/my_gazebo_tutorials/build/walker': CMAKE_PREFIX_PATH=${CMAKE_PREFIX_PATH}:/opt/ros/humble /usr/bin/cmake --build /home/ana/my_gazebo_tutorials/build/walker -- -j2 -l2
[0.058s] [35m[1mConsolidate compiler generated dependencies of target walker_node[0m
[0.084s] [ 50%] [32mBuilding CXX object CMakeFiles/walker_node.dir/src/walker_node.cpp.o[0m
[1.798s] [01m[K/home/ana/my_gazebo_tutorials/src/walker/src/walker_node.cpp:[m[K In constructor â€˜[01m[KWalker::Walker()[m[Kâ€™:
[1.798s] [01m[K/home/ana/my_gazebo_tutorials/src/walker/src/walker_node.cpp:124:59:[m[K [01;31m[Kerror: [m[Kâ€˜[01m[K_1[m[Kâ€™ was not declared in this scope; did you mean â€˜[01m[Kstd::placeholders::_1[m[Kâ€™?
[1.798s]   124 |         "scan", 10, std::bind(&Walker::LaserDataCB, this, [01;31m[K_1[m[K));
[1.798s]       |                                                           [01;31m[K^~[m[K
[1.798s]       |                                                           [32m[Kstd::placeholders::_1[m[K
[1.798s] In file included from [01m[K/usr/include/c++/11/pstl/glue_algorithm_defs.h:13[m[K,
[1.798s]                  from [01m[K/usr/include/c++/11/algorithm:74[m[K,
[1.798s]                  from [01m[K/opt/ros/humble/include/geometry_msgs/geometry_msgs/msg/detail/twist__struct.hpp:8[m[K,
[1.798s]                  from [01m[K/opt/ros/humble/include/geometry_msgs/geometry_msgs/msg/twist.hpp:7[m[K,
[1.798s]                  from [01m[K/home/ana/my_gazebo_tutorials/src/walker/src/walker_node.cpp:100[m[K:
[1.798s] [01m[K/usr/include/c++/11/functional:225:34:[m[K [01;36m[Knote: [m[Kâ€˜[01m[Kstd::placeholders::_1[m[Kâ€™ declared here
[1.798s]   225 |     extern const _Placeholder<1> [01;36m[K_1[m[K;
[1.798s]       |                                  [01;36m[K^~[m[K
[1.803s] [01m[K/home/ana/my_gazebo_tutorials/src/walker/src/walker_node.cpp:128:45:[m[K [01;31m[Kerror: [m[Kâ€˜[01m[KMovingForwardState[m[Kâ€™ was not declared in this scope; did you mean â€˜[01m[Kmoving_forward_state[m[Kâ€™?
[1.803s]   128 |     moving_forward_state = std::make_shared<[01;31m[KMovingForwardState[m[K>();
[1.803s]       |                                             [01;31m[K^~~~~~~~~~~~~~~~~~[m[K
[1.803s]       |                                             [32m[Kmoving_forward_state[m[K
[1.803s] [01m[K/home/ana/my_gazebo_tutorials/src/walker/src/walker_node.cpp:128:64:[m[K [01;31m[Kerror: [m[Kno matching function for call to â€˜[01m[Kmake_shared<<expression error> >()[m[Kâ€™
[1.803s]   128 |     moving_forward_state = [01;31m[Kstd::make_shared<MovingForwardState>()[m[K;
[1.803s]       |                            [01;31m[K~~~~~~~~~~~~~~~~~~~~~~~~~~~~~~~~~~~~^~[m[K
[1.803s] In file included from [01m[K/usr/include/c++/11/memory:77[m[K,
[1.803s]                  from [01m[K/opt/ros/humble/include/geometry_msgs/geometry_msgs/msg/detail/twist__struct.hpp:10[m[K,
[1.803s]                  from [01m[K/opt/ros/humble/include/geometry_msgs/geometry_msgs/msg/twist.hpp:7[m[K,
[1.803s]                  from [01m[K/home/ana/my_gazebo_tutorials/src/walker/src/walker_node.cpp:100[m[K:
[1.803s] [01m[K/usr/include/c++/11/bits/shared_ptr.h:875:5:[m[K [01;36m[Knote: [m[Kcandidate: â€˜[01m[Ktemplate<class _Tp, class ... _Args> std::shared_ptr<_Tp> std::make_shared(_Args&& ...)[m[Kâ€™
[1.803s]   875 |     [01;36m[Kmake_shared[m[K(_Args&&... __args)
[1.803s]       |     [01;36m[K^~~~~~~~~~~[m[K
[1.803s] [01m[K/usr/include/c++/11/bits/shared_ptr.h:875:5:[m[K [01;36m[Knote: [m[K  template argument deduction/substitution failed:
[1.803s] [01m[K/home/ana/my_gazebo_tutorials/src/walker/src/walker_node.cpp:128:64:[m[K [01;31m[Kerror: [m[Ktemplate argument 1 is invalid
[1.803s]   128 |     moving_forward_state = [01;31m[Kstd::make_shared<MovingForwardState>()[m[K;
[1.803s]       |                            [01;31m[K~~~~~~~~~~~~~~~~~~~~~~~~~~~~~~~~~~~~^~[m[K
[1.808s] [01m[K/home/ana/my_gazebo_tutorials/src/walker/src/walker_node.cpp:129:39:[m[K [01;31m[Kerror: [m[Kâ€˜[01m[KRotatingState[m[Kâ€™ was not declared in this scope; did you mean â€˜[01m[Krotating_state[m[Kâ€™?
[1.809s]   129 |     rotating_state = std::make_shared<[01;31m[KRotatingState[m[K>();
[1.809s]       |                                       [01;31m[K^~~~~~~~~~~~~[m[K
[1.809s]       |                                       [32m[Krotating_state[m[K
[1.809s] [01m[K/home/ana/my_gazebo_tutorials/src/walker/src/walker_node.cpp:129:53:[m[K [01;31m[Kerror: [m[Kno matching function for call to â€˜[01m[Kmake_shared<<expression error> >()[m[Kâ€™
[1.809s]   129 |     rotating_state = [01;31m[Kstd::make_shared<RotatingState>()[m[K;
[1.809s]       |                      [01;31m[K~~~~~~~~~~~~~~~~~~~~~~~~~~~~~~~^~[m[K
[1.809s] In file included from [01m[K/usr/include/c++/11/memory:77[m[K,
[1.809s]                  from [01m[K/opt/ros/humble/include/geometry_msgs/geometry_msgs/msg/detail/twist__struct.hpp:10[m[K,
[1.809s]                  from [01m[K/opt/ros/humble/include/geometry_msgs/geometry_msgs/msg/twist.hpp:7[m[K,
[1.809s]                  from [01m[K/home/ana/my_gazebo_tutorials/src/walker/src/walker_node.cpp:100[m[K:
[1.809s] [01m[K/usr/include/c++/11/bits/shared_ptr.h:875:5:[m[K [01;36m[Knote: [m[Kcandidate: â€˜[01m[Ktemplate<class _Tp, class ... _Args> std::shared_ptr<_Tp> std::make_shared(_Args&& ...)[m[Kâ€™
[1.809s]   875 |     [01;36m[Kmake_shared[m[K(_Args&&... __args)
[1.809s]       |     [01;36m[K^~~~~~~~~~~[m[K
[1.809s] [01m[K/usr/include/c++/11/bits/shared_ptr.h:875:5:[m[K [01;36m[Knote: [m[K  template argument deduction/substitution failed:
[1.809s] [01m[K/home/ana/my_gazebo_tutorials/src/walker/src/walker_node.cpp:129:53:[m[K [01;31m[Kerror: [m[Ktemplate argument 1 is invalid
[1.809s]   129 |     rotating_state = [01;31m[Kstd::make_shared<RotatingState>()[m[K;
[1.810s]       |                      [01;31m[K~~~~~~~~~~~~~~~~~~~~~~~~~~~~~~~^~[m[K
[2.369s] gmake[2]: *** [CMakeFiles/walker_node.dir/build.make:76: CMakeFiles/walker_node.dir/src/walker_node.cpp.o] Error 1
[2.370s] gmake[1]: *** [CMakeFiles/Makefile2:137: CMakeFiles/walker_node.dir/all] Error 2
[2.370s] gmake: *** [Makefile:146: all] Error 2
[2.373s] Invoked command in '/home/ana/my_gazebo_tutorials/build/walker' returned '2': CMAKE_PREFIX_PATH=${CMAKE_PREFIX_PATH}:/opt/ros/humble /usr/bin/cmake --build /home/ana/my_gazebo_tutorials/build/walker -- -j2 -l2
